Flow report for factorial_calc
Thu Oct  4 20:40:19 2018
Quartus Prime Version 18.1.0 Build 625 09/12/2018 SJ Lite Edition


---------------------
; Table of Contents ;
---------------------
  1. Legal Notice
  2. Flow Summary
  3. Flow Settings
  4. Flow Non-Default Global Settings
  5. Flow Elapsed Time
  6. Flow OS Summary
  7. Flow Log
  8. Flow Messages
  9. Flow Suppressed Messages



----------------
; Legal Notice ;
----------------
Copyright (C) 2018  Intel Corporation. All rights reserved.
Your use of Intel Corporation's design tools, logic functions 
and other software and tools, and its AMPP partner logic 
functions, and any output files from any of the foregoing 
(including device programming or simulation files), and any 
associated documentation or information are expressly subject 
to the terms and conditions of the Intel Program License 
Subscription Agreement, the Intel Quartus Prime License Agreement,
the Intel FPGA IP License Agreement, or other applicable license
agreement, including, without limitation, that your use is for
the sole purpose of programming logic devices manufactured by
Intel and sold by Intel or its authorized distributors.  Please
refer to the applicable agreement for further details.



+---------------------------------------------------------------------------------+
; Flow Summary                                                                    ;
+-----------------------------------+---------------------------------------------+
; Flow Status                       ; Flow Failed - Thu Oct  4 20:40:19 2018      ;
; Quartus Prime Version             ; 18.1.0 Build 625 09/12/2018 SJ Lite Edition ;
; Revision Name                     ; factorial_calc                              ;
; Top-level Entity Name             ; factorial                                   ;
; Family                            ; Arria II GX                                 ;
; Device                            ; EP2AGX45DF29I5                              ;
; Timing Models                     ; Final                                       ;
; Logic utilization                 ; N/A until Partition Merge                   ;
;     Combinational ALUTs           ; N/A until Partition Merge                   ;
;     Memory ALUTs                  ; N/A until Partition Merge                   ;
;     Dedicated logic registers     ; N/A until Partition Merge                   ;
; Total registers                   ; N/A until Partition Merge                   ;
; Total pins                        ; N/A until Partition Merge                   ;
; Total virtual pins                ; N/A until Partition Merge                   ;
; Total block memory bits           ; N/A until Partition Merge                   ;
; DSP block 18-bit elements         ; N/A until Partition Merge                   ;
; Total GXB Receiver Channel PCS    ; N/A until Partition Merge                   ;
; Total GXB Receiver Channel PMA    ; N/A until Partition Merge                   ;
; Total GXB Transmitter Channel PCS ; N/A until Partition Merge                   ;
; Total GXB Transmitter Channel PMA ; N/A until Partition Merge                   ;
; Total PLLs                        ; N/A until Partition Merge                   ;
; Total DLLs                        ; N/A until Partition Merge                   ;
+-----------------------------------+---------------------------------------------+


+-----------------------------------------+
; Flow Settings                           ;
+-------------------+---------------------+
; Option            ; Setting             ;
+-------------------+---------------------+
; Start date & time ; 10/04/2018 20:40:09 ;
; Main task         ; Compilation         ;
; Revision Name     ; factorial_calc      ;
+-------------------+---------------------+


+------------------------------------------------------------------------------------------------------------------------------+
; Flow Non-Default Global Settings                                                                                             ;
+-------------------------------------+----------------------------------------+----------------+-------------+----------------+
; Assignment Name                     ; Value                                  ; Default Value  ; Entity Name ; Section Id     ;
+-------------------------------------+----------------------------------------+----------------+-------------+----------------+
; COMPILER_SIGNATURE_ID               ; 128504337770353.153871080930732        ; --             ; --          ; --             ;
; EDA_OUTPUT_DATA_FORMAT              ; Systemverilog Hdl                      ; --             ; --          ; eda_simulation ;
; EDA_SIMULATION_TOOL                 ; ModelSim-Altera (SystemVerilog)        ; <None>         ; --          ; --             ;
; EDA_TIME_SCALE                      ; 1 ps                                   ; --             ; --          ; eda_simulation ;
; MAX_CORE_JUNCTION_TEMP              ; 100                                    ; --             ; --          ; --             ;
; MIN_CORE_JUNCTION_TEMP              ; -40                                    ; --             ; --          ; --             ;
; PARTITION_COLOR                     ; -- (Not supported for targeted family) ; --             ; factorial   ; Top            ;
; PARTITION_FITTER_PRESERVATION_LEVEL ; -- (Not supported for targeted family) ; --             ; factorial   ; Top            ;
; PARTITION_NETLIST_TYPE              ; -- (Not supported for targeted family) ; --             ; factorial   ; Top            ;
; PROJECT_OUTPUT_DIRECTORY            ; output_files                           ; --             ; --          ; --             ;
; TOP_LEVEL_ENTITY                    ; factorial                              ; factorial_calc ; --          ; --             ;
+-------------------------------------+----------------------------------------+----------------+-------------+----------------+


+----------------------------------------------------------------------------------------------------------------------------+
; Flow Elapsed Time                                                                                                          ;
+------------------------+--------------+-------------------------+---------------------+------------------------------------+
; Module Name            ; Elapsed Time ; Average Processors Used ; Peak Virtual Memory ; Total CPU Time (on all processors) ;
+------------------------+--------------+-------------------------+---------------------+------------------------------------+
; Analysis & Elaboration ; 00:00:10     ; 1.0                     ; 1268 MB             ; 00:00:25                           ;
; Total                  ; 00:00:10     ; --                      ; --                  ; 00:00:25                           ;
+------------------------+--------------+-------------------------+---------------------+------------------------------------+


+--------------------------------------------------------------------------------------------+
; Flow OS Summary                                                                            ;
+------------------------+--------------------+----------------+------------+----------------+
; Module Name            ; Machine Hostname   ; OS Name        ; OS Version ; Processor type ;
+------------------------+--------------------+----------------+------------+----------------+
; Analysis & Elaboration ; Lenovo-FLEX-4-1580 ; Ubuntu 18.04.1 ; 18         ; x86_64         ;
+------------------------+--------------------+----------------+------------+----------------+


------------
; Flow Log ;
------------
quartus_map --read_settings_files=on --write_settings_files=off factorial_calc -c factorial_calc --analysis_and_elaboration



